Using pre-set license
Built from '2021.1/staging' branch; Version is '2021.1.9f1 (7a790e367ab3) revision 8026382'; Using compiler version '192528614'; Build Type 'Release'
OS: 'Windows 10 Home; OS build 19043.1110; Version 2009; 64bit' Language: 'en' Physical Memory: 8067 MB
BatchMode: 1, IsHumanControllingUs: 0, StartBugReporterOnCrash: 0, Is64bit: 1, IsPro: 0

 COMMAND LINE ARGUMENTS:
C:\Program Files\Unity\Hub\Editor\2021.1.9f1\Editor\Unity.exe
-adb2
-batchMode
-noUpm
-name
AssetImportWorker0
-projectPath
C:/Users/Admin/Documents/CS205/Animation/Animation/New Unity Project
-logFile
Logs/AssetImportWorker0.log
-srvPort
55367
Successfully changed project path to: C:/Users/Admin/Documents/CS205/Animation/Animation/New Unity Project
C:/Users/Admin/Documents/CS205/Animation/Animation/New Unity Project
Using Asset Import Pipeline V2.
Refreshing native plugins compatible for Editor in 56.84 ms, found 2 plugins.
Preloading 0 native plugins for Editor in 0.00 ms.
Initialize engine version: 2021.1.9f1 (7a790e367ab3)
[Subsystems] Discovering subsystems at path C:/Program Files/Unity/Hub/Editor/2021.1.9f1/Editor/Data/Resources/UnitySubsystems
[Subsystems] Discovering subsystems at path C:/Users/Admin/Documents/CS205/Animation/Animation/New Unity Project/Assets
GfxDevice: creating device client; threaded=0; jobified=0
Direct3D:
    Version:  Direct3D 11.0 [level 11.1]
    Renderer: Intel(R) HD Graphics 5500 (ID=0x1616)
    Vendor:   Intel
    VRAM:     4033 MB
    Driver:   20.19.15.5126
Initialize mono
Mono path[0] = 'C:/Program Files/Unity/Hub/Editor/2021.1.9f1/Editor/Data/Managed'
Mono path[1] = 'C:/Program Files/Unity/Hub/Editor/2021.1.9f1/Editor/Data/MonoBleedingEdge/lib/mono/unityjit'
Mono config path = 'C:/Program Files/Unity/Hub/Editor/2021.1.9f1/Editor/Data/MonoBleedingEdge/etc'
Using monoOptions --debugger-agent=transport=dt_socket,embedding=1,server=y,suspend=n,address=127.0.0.1:56816
Begin MonoManager ReloadAssembly
Registering precompiled unity dll's ...
Register platform support module: C:/Program Files/Unity/Hub/Editor/2021.1.9f1/Editor/Data/PlaybackEngines/WebGLSupport/UnityEditor.WebGL.Extensions.dll
Register platform support module: C:/Program Files/Unity/Hub/Editor/2021.1.9f1/Editor/Data/PlaybackEngines/WindowsStandaloneSupport/UnityEditor.WindowsStandalone.Extensions.dll
Registered in 0.009967 seconds.
Native extension for WindowsStandalone target not found
Native extension for WebGL target not found
Refreshing native plugins compatible for Editor in 65.98 ms, found 2 plugins.
Preloading 0 native plugins for Editor in 0.00 ms.
Mono: successfully reloaded assembly
- Completed reload, in  7.917 seconds
Domain Reload Profiling:
	ReloadAssembly (7917ms)
		BeginReloadAssembly (143ms)
			ExecutionOrderSort (0ms)
			DisableScriptedObjects (0ms)
			BackupInstance (0ms)
			ReleaseScriptingObjects (0ms)
			CreateAndSetChildDomain (1ms)
		EndReloadAssembly (1027ms)
			LoadAssemblies (139ms)
			RebuildTransferFunctionScriptingTraits (0ms)
			SetupTypeCache (363ms)
			ReleaseScriptCaches (0ms)
			RebuildScriptCaches (60ms)
			SetupLoadedEditorAssemblies (521ms)
				LogAssemblyErrors (0ms)
				InitializePlatformSupportModulesInManaged (13ms)
				SetLoadedEditorAssemblies (0ms)
				RefreshPlugins (66ms)
				BeforeProcessingInitializeOnLoad (2ms)
				ProcessInitializeOnLoadAttributes (377ms)
				ProcessInitializeOnLoadMethodAttributes (62ms)
				AfterProcessingInitializeOnLoad (0ms)
				EditorAssembliesLoaded (0ms)
			ExecutionOrderSort2 (0ms)
			AwakeInstancesAfterBackupRestoration (0ms)
Platform modules already initialized, skipping
Registering precompiled user dll's ...
Registered in 0.021516 seconds.
Begin MonoManager ReloadAssembly
Native extension for WindowsStandalone target not found
Native extension for WebGL target not found
Refreshing native plugins compatible for Editor in 0.40 ms, found 2 plugins.
Preloading 0 native plugins for Editor in 0.00 ms.
Mono: successfully reloaded assembly
- Completed reload, in  2.181 seconds
Domain Reload Profiling:
	ReloadAssembly (2182ms)
		BeginReloadAssembly (281ms)
			ExecutionOrderSort (0ms)
			DisableScriptedObjects (8ms)
			BackupInstance (0ms)
			ReleaseScriptingObjects (0ms)
			CreateAndSetChildDomain (35ms)
		EndReloadAssembly (1794ms)
			LoadAssemblies (191ms)
			RebuildTransferFunctionScriptingTraits (0ms)
			SetupTypeCache (705ms)
			ReleaseScriptCaches (1ms)
			RebuildScriptCaches (106ms)
			SetupLoadedEditorAssemblies (557ms)
				LogAssemblyErrors (0ms)
				InitializePlatformSupportModulesInManaged (12ms)
				SetLoadedEditorAssemblies (1ms)
				RefreshPlugins (1ms)
				BeforeProcessingInitializeOnLoad (85ms)
				ProcessInitializeOnLoadAttributes (438ms)
				ProcessInitializeOnLoadMethodAttributes (8ms)
				AfterProcessingInitializeOnLoad (12ms)
				EditorAssembliesLoaded (0ms)
			ExecutionOrderSort2 (0ms)
			AwakeInstancesAfterBackupRestoration (16ms)
Platform modules already initialized, skipping
========================================================================
Worker process is ready to serve import requests
Launched and connected shader compiler UnityShaderCompiler.exe after 0.16 seconds
Refreshing native plugins compatible for Editor in 0.62 ms, found 2 plugins.
Preloading 0 native plugins for Editor in 0.00 ms.
Unloading 1397 Unused Serialized files (Serialized files now loaded: 0)
System memory in use before: 65.7 MB.
System memory in use after: 65.8 MB.

Unloading 18 unused Assets to reduce memory usage. Loaded Objects now: 1847.
Total: 3.137900 ms (FindLiveObjects: 0.212900 ms CreateObjectMapping: 0.117400 ms MarkObjects: 2.718500 ms  DeleteObjects: 0.087400 ms)

AssetImportParameters requested are different than current active one (requested -> active):
  custom:framework-win-MediaFoundation: 216162199b28c13a410421893ffa2e32 -> 
  custom:video-decoder-ogg-theora: a1e56fd34408186e4bbccfd4996cb3dc -> 
  custom:container-muxer-webm: aa71ff27fc2769a1b78a27578f13a17b -> 
  custom:container-demuxer-webm: 4f35f7cbe854078d1ac9338744f61a02 -> 
  custom:container-demuxer-ogg: 62fdf1f143b41e24485cea50d1cbac27 -> 
  custom:video-encoder-webm-vp8: eb34c28f22e8b96e1ab97ce403110664 -> 
  custom:video-decoder-webm-vp8: 9c59270c3fd7afecdb556c50c9e8de78 -> 
  custom:audio-decoder-ogg-vorbis: bf7c407c2cedff20999df2af8eb42d56 -> 
  custom:audio-encoder-webm-vorbis: bf7c407c2cedff20999df2af8eb42d56 -> 
========================================================================
Received Import Request.
  path: Assets/peasant_man.fbx
  artifactKey: Guid(e82b7b6ca4062814386acf065f9ae2e4) Importer(815301076,1909f56bfc062723c751e8b465ee728b)
Start importing Assets/peasant_man.fbx using Guid(e82b7b6ca4062814386acf065f9ae2e4) Importer(815301076,1909f56bfc062723c751e8b465ee728b)  -> (artifact id: 'e0bae5c02930cd99811798f2bc2c6a16') in 1.211500 seconds 
========================================================================
Received Import Request.
  Time since last request: 11.416745 seconds.
  path: Assets/Materials
  artifactKey: Guid(4acd76decb2072c46a8688b5b7775581) Importer(815301076,1909f56bfc062723c751e8b465ee728b)
Start importing Assets/Materials using Guid(4acd76decb2072c46a8688b5b7775581) Importer(815301076,1909f56bfc062723c751e8b465ee728b)  -> (artifact id: 'a39a20972e16302fa5f7817cfd3f198f') in 0.040840 seconds 
========================================================================
Received Import Request.
  Time since last request: 0.000703 seconds.
  path: Assets/Materials/Peasant_Man_normal.png
  artifactKey: Guid(792f0da337e9e7844817d16705e1a793) Importer(815301076,1909f56bfc062723c751e8b465ee728b)
Start importing Assets/Materials/Peasant_Man_normal.png using Guid(792f0da337e9e7844817d16705e1a793) Importer(815301076,1909f56bfc062723c751e8b465ee728b)  -> (artifact id: 'e03a3c5a4cf6ca7659c3041764c8a8c6') in 0.109893 seconds 
========================================================================
Received Import Request.
  Time since last request: 0.000403 seconds.
  path: Assets/Materials/Peasant_Man_specular.png
  artifactKey: Guid(b665f9f464898c648b72a36bf038e187) Importer(815301076,1909f56bfc062723c751e8b465ee728b)
Start importing Assets/Materials/Peasant_Man_specular.png using Guid(b665f9f464898c648b72a36bf038e187) Importer(815301076,1909f56bfc062723c751e8b465ee728b)  -> (artifact id: '954179a6546c45a9b86036a10927435b') in 0.067055 seconds 
========================================================================
Received Import Request.
  Time since last request: 0.001045 seconds.
  path: Assets/Materials/Peasant_Man_diffuse.png
  artifactKey: Guid(c79840f8436842c4b8b15a08ffd56d6a) Importer(815301076,1909f56bfc062723c751e8b465ee728b)
Start importing Assets/Materials/Peasant_Man_diffuse.png using Guid(c79840f8436842c4b8b15a08ffd56d6a) Importer(815301076,1909f56bfc062723c751e8b465ee728b)  -> (artifact id: '55a85bc319e960ab7cbefd5b57d4578a') in 0.062899 seconds 
========================================================================
Received Import Request.
  Time since last request: 8.590820 seconds.
  path: Assets/Materials/Ground.mat
  artifactKey: Guid(243b4db404f3e0c499eca76d7f9c02a5) Importer(815301076,1909f56bfc062723c751e8b465ee728b)
Start importing Assets/Materials/Ground.mat using Guid(243b4db404f3e0c499eca76d7f9c02a5) Importer(815301076,1909f56bfc062723c751e8b465ee728b)  -> (artifact id: 'd212f4317a68bd2d6d6580e196b50de1') in 0.073462 seconds 
========================================================================
Received Import Request.
  Time since last request: 3.633230 seconds.
  path: Assets/Textures/Peasant_Man_diffuse.png
  artifactKey: Guid(46547b0a3f0bf1e42a2255caa06994c2) Importer(815301076,1909f56bfc062723c751e8b465ee728b)
Start importing Assets/Textures/Peasant_Man_diffuse.png using Guid(46547b0a3f0bf1e42a2255caa06994c2) Importer(815301076,1909f56bfc062723c751e8b465ee728b)  -> (artifact id: '29a9891bd35a101293478174a7644f46') in 0.052966 seconds 
========================================================================
Received Import Request.
  Time since last request: 0.000430 seconds.
  path: Assets/Textures/Peasant_Man_specular.png
  artifactKey: Guid(3b685c93ecd38e94d8f7f8948d9b57ba) Importer(815301076,1909f56bfc062723c751e8b465ee728b)
Start importing Assets/Textures/Peasant_Man_specular.png using Guid(3b685c93ecd38e94d8f7f8948d9b57ba) Importer(815301076,1909f56bfc062723c751e8b465ee728b)  -> (artifact id: '0f34f3dcdf6e4bd18d4686a1c42a3e4a') in 0.043449 seconds 
========================================================================
Received Import Request.
  Time since last request: 0.000162 seconds.
  path: Assets/Textures/textureSandFloor.jpg
  artifactKey: Guid(1b23c6e3589bd39478d2cafafa79962e) Importer(815301076,1909f56bfc062723c751e8b465ee728b)
Start importing Assets/Textures/textureSandFloor.jpg using Guid(1b23c6e3589bd39478d2cafafa79962e) Importer(815301076,1909f56bfc062723c751e8b465ee728b)  -> (artifact id: 'e8a72a09c2be2b9813cd2f2bd58df658') in 0.071306 seconds 
========================================================================
Received Import Request.
  Time since last request: 0.000419 seconds.
  path: Assets/Textures/Peasant_Man_normal.png
  artifactKey: Guid(89caac0541ab50a44b4665de79371604) Importer(815301076,1909f56bfc062723c751e8b465ee728b)
Start importing Assets/Textures/Peasant_Man_normal.png using Guid(89caac0541ab50a44b4665de79371604) Importer(815301076,1909f56bfc062723c751e8b465ee728b)  -> (artifact id: '0b91013075ea6be6ec2cd553191b37e8') in 0.060861 seconds 
========================================================================
Received Import Request.
  Time since last request: 0.000415 seconds.
  path: Assets/Textures/textureStoneFloor.jpg
  artifactKey: Guid(907be1169e2459f4aa3f90ab76941a5b) Importer(815301076,1909f56bfc062723c751e8b465ee728b)
Start importing Assets/Textures/textureStoneFloor.jpg using Guid(907be1169e2459f4aa3f90ab76941a5b) Importer(815301076,1909f56bfc062723c751e8b465ee728b)  -> (artifact id: 'e4a7b98ba84088924451d5ca9e51be3a') in 0.072757 seconds 
========================================================================
Received Import Request.
  Time since last request: 24.669982 seconds.
  path: Assets/Materials/Ground.mat
  artifactKey: Guid(243b4db404f3e0c499eca76d7f9c02a5) Importer(815301076,1909f56bfc062723c751e8b465ee728b)
Start importing Assets/Materials/Ground.mat using Guid(243b4db404f3e0c499eca76d7f9c02a5) Importer(815301076,1909f56bfc062723c751e8b465ee728b)  -> (artifact id: '2b11cb697e19bf627a530e035a77a1e7') in 0.044163 seconds 
========================================================================
Received Prepare
Registering precompiled user dll's ...
Registered in 0.022976 seconds.
Begin MonoManager ReloadAssembly
Native extension for WindowsStandalone target not found
Native extension for WebGL target not found
Refreshing native plugins compatible for Editor in 0.72 ms, found 2 plugins.
Preloading 0 native plugins for Editor in 0.00 ms.
Mono: successfully reloaded assembly
- Completed reload, in  2.737 seconds
Domain Reload Profiling:
	ReloadAssembly (2739ms)
		BeginReloadAssembly (315ms)
			ExecutionOrderSort (0ms)
			DisableScriptedObjects (13ms)
			BackupInstance (0ms)
			ReleaseScriptingObjects (0ms)
			CreateAndSetChildDomain (97ms)
		EndReloadAssembly (2255ms)
			LoadAssemblies (254ms)
			RebuildTransferFunctionScriptingTraits (0ms)
			SetupTypeCache (782ms)
			ReleaseScriptCaches (1ms)
			RebuildScriptCaches (115ms)
			SetupLoadedEditorAssemblies (775ms)
				LogAssemblyErrors (0ms)
				InitializePlatformSupportModulesInManaged (17ms)
				SetLoadedEditorAssemblies (1ms)
				RefreshPlugins (1ms)
				BeforeProcessingInitializeOnLoad (126ms)
				ProcessInitializeOnLoadAttributes (603ms)
				ProcessInitializeOnLoadMethodAttributes (10ms)
				AfterProcessingInitializeOnLoad (17ms)
				EditorAssembliesLoaded (1ms)
			ExecutionOrderSort2 (0ms)
			AwakeInstancesAfterBackupRestoration (35ms)
Platform modules already initialized, skipping
Refreshing native plugins compatible for Editor in 1.10 ms, found 2 plugins.
Preloading 0 native plugins for Editor in 0.00 ms.
Unloading 1399 Unused Serialized files (Serialized files now loaded: 0)
System memory in use before: 77.5 MB.
System memory in use after: 77.6 MB.

Unloading 13 unused Assets to reduce memory usage. Loaded Objects now: 2014.
Total: 5.386500 ms (FindLiveObjects: 0.303800 ms CreateObjectMapping: 0.141400 ms MarkObjects: 4.905500 ms  DeleteObjects: 0.033100 ms)

AssetImportParameters requested are different than current active one (requested -> active):
  custom:framework-win-MediaFoundation: 216162199b28c13a410421893ffa2e32 -> 
  custom:video-decoder-ogg-theora: a1e56fd34408186e4bbccfd4996cb3dc -> 
  custom:container-muxer-webm: aa71ff27fc2769a1b78a27578f13a17b -> 
  custom:container-demuxer-webm: 4f35f7cbe854078d1ac9338744f61a02 -> 
  custom:container-demuxer-ogg: 62fdf1f143b41e24485cea50d1cbac27 -> 
  custom:video-encoder-webm-vp8: eb34c28f22e8b96e1ab97ce403110664 -> 
  custom:video-decoder-webm-vp8: 9c59270c3fd7afecdb556c50c9e8de78 -> 
  custom:audio-decoder-ogg-vorbis: bf7c407c2cedff20999df2af8eb42d56 -> 
  custom:audio-encoder-webm-vorbis: bf7c407c2cedff20999df2af8eb42d56 -> 
========================================================================
Received Prepare
Registering precompiled user dll's ...
Registered in 0.007594 seconds.
Begin MonoManager ReloadAssembly
Native extension for WindowsStandalone target not found
Native extension for WebGL target not found
Refreshing native plugins compatible for Editor in 0.42 ms, found 2 plugins.
Preloading 0 native plugins for Editor in 0.00 ms.
Mono: successfully reloaded assembly
- Completed reload, in  2.284 seconds
Domain Reload Profiling:
	ReloadAssembly (2285ms)
		BeginReloadAssembly (276ms)
			ExecutionOrderSort (0ms)
			DisableScriptedObjects (16ms)
			BackupInstance (0ms)
			ReleaseScriptingObjects (0ms)
			CreateAndSetChildDomain (89ms)
		EndReloadAssembly (1866ms)
			LoadAssemblies (200ms)
			RebuildTransferFunctionScriptingTraits (0ms)
			SetupTypeCache (738ms)
			ReleaseScriptCaches (2ms)
			RebuildScriptCaches (112ms)
			SetupLoadedEditorAssemblies (567ms)
				LogAssemblyErrors (0ms)
				InitializePlatformSupportModulesInManaged (12ms)
				SetLoadedEditorAssemblies (1ms)
				RefreshPlugins (1ms)
				BeforeProcessingInitializeOnLoad (100ms)
				ProcessInitializeOnLoadAttributes (434ms)
				ProcessInitializeOnLoadMethodAttributes (7ms)
				AfterProcessingInitializeOnLoad (12ms)
				EditorAssembliesLoaded (0ms)
			ExecutionOrderSort2 (0ms)
			AwakeInstancesAfterBackupRestoration (28ms)
Platform modules already initialized, skipping
Refreshing native plugins compatible for Editor in 0.68 ms, found 2 plugins.
Preloading 0 native plugins for Editor in 0.00 ms.
Unloading 1391 Unused Serialized files (Serialized files now loaded: 0)
System memory in use before: 77.3 MB.
System memory in use after: 77.4 MB.

Unloading 13 unused Assets to reduce memory usage. Loaded Objects now: 2017.
Total: 5.349800 ms (FindLiveObjects: 0.268900 ms CreateObjectMapping: 0.100400 ms MarkObjects: 4.944400 ms  DeleteObjects: 0.033300 ms)

AssetImportParameters requested are different than current active one (requested -> active):
  custom:framework-win-MediaFoundation: 216162199b28c13a410421893ffa2e32 -> 
  custom:video-decoder-ogg-theora: a1e56fd34408186e4bbccfd4996cb3dc -> 
  custom:container-muxer-webm: aa71ff27fc2769a1b78a27578f13a17b -> 
  custom:container-demuxer-webm: 4f35f7cbe854078d1ac9338744f61a02 -> 
  custom:container-demuxer-ogg: 62fdf1f143b41e24485cea50d1cbac27 -> 
  custom:video-encoder-webm-vp8: eb34c28f22e8b96e1ab97ce403110664 -> 
  custom:video-decoder-webm-vp8: 9c59270c3fd7afecdb556c50c9e8de78 -> 
  custom:audio-decoder-ogg-vorbis: bf7c407c2cedff20999df2af8eb42d56 -> 
  custom:audio-encoder-webm-vorbis: bf7c407c2cedff20999df2af8eb42d56 -> 
========================================================================
Received Import Request.
  Time since last request: 314.933950 seconds.
  path: Assets/Materials/Ground.mat
  artifactKey: Guid(243b4db404f3e0c499eca76d7f9c02a5) Importer(815301076,1909f56bfc062723c751e8b465ee728b)
Start importing Assets/Materials/Ground.mat using Guid(243b4db404f3e0c499eca76d7f9c02a5) Importer(815301076,1909f56bfc062723c751e8b465ee728b)  -> (artifact id: 'a0eb494281f3f6fe5031ca661941fb74') in 0.102877 seconds 
========================================================================
Received Import Request.
  Time since last request: 20.607676 seconds.
  path: Assets/Materials/Ground.mat
  artifactKey: Guid(243b4db404f3e0c499eca76d7f9c02a5) Importer(815301076,1909f56bfc062723c751e8b465ee728b)
Start importing Assets/Materials/Ground.mat using Guid(243b4db404f3e0c499eca76d7f9c02a5) Importer(815301076,1909f56bfc062723c751e8b465ee728b)  -> (artifact id: '4c4f200c776ef2a5f8ec8639c28c3b4a') in 0.069286 seconds 
========================================================================
Received Prepare
Registering precompiled user dll's ...
Registered in 0.006472 seconds.
Begin MonoManager ReloadAssembly
Native extension for WindowsStandalone target not found
Native extension for WebGL target not found
Refreshing native plugins compatible for Editor in 0.42 ms, found 2 plugins.
Preloading 0 native plugins for Editor in 0.00 ms.
Mono: successfully reloaded assembly
- Completed reload, in  2.374 seconds
Domain Reload Profiling:
	ReloadAssembly (2375ms)
		BeginReloadAssembly (234ms)
			ExecutionOrderSort (0ms)
			DisableScriptedObjects (18ms)
			BackupInstance (0ms)
			ReleaseScriptingObjects (0ms)
			CreateAndSetChildDomain (66ms)
		EndReloadAssembly (1954ms)
			LoadAssemblies (202ms)
			RebuildTransferFunctionScriptingTraits (0ms)
			SetupTypeCache (698ms)
			ReleaseScriptCaches (2ms)
			RebuildScriptCaches (113ms)
			SetupLoadedEditorAssemblies (653ms)
				LogAssemblyErrors (0ms)
				InitializePlatformSupportModulesInManaged (13ms)
				SetLoadedEditorAssemblies (1ms)
				RefreshPlugins (1ms)
				BeforeProcessingInitializeOnLoad (113ms)
				ProcessInitializeOnLoadAttributes (501ms)
				ProcessInitializeOnLoadMethodAttributes (9ms)
				AfterProcessingInitializeOnLoad (15ms)
				EditorAssembliesLoaded (0ms)
			ExecutionOrderSort2 (0ms)
			AwakeInstancesAfterBackupRestoration (33ms)
Platform modules already initialized, skipping
Refreshing native plugins compatible for Editor in 0.73 ms, found 2 plugins.
Preloading 0 native plugins for Editor in 0.00 ms.
Unloading 1391 Unused Serialized files (Serialized files now loaded: 0)
System memory in use before: 77.3 MB.
System memory in use after: 77.4 MB.

Unloading 13 unused Assets to reduce memory usage. Loaded Objects now: 2021.
Total: 6.753600 ms (FindLiveObjects: 0.260800 ms CreateObjectMapping: 0.088500 ms MarkObjects: 6.365100 ms  DeleteObjects: 0.036100 ms)

AssetImportParameters requested are different than current active one (requested -> active):
  custom:framework-win-MediaFoundation: 216162199b28c13a410421893ffa2e32 -> 
  custom:video-decoder-ogg-theora: a1e56fd34408186e4bbccfd4996cb3dc -> 
  custom:container-muxer-webm: aa71ff27fc2769a1b78a27578f13a17b -> 
  custom:container-demuxer-webm: 4f35f7cbe854078d1ac9338744f61a02 -> 
  custom:container-demuxer-ogg: 62fdf1f143b41e24485cea50d1cbac27 -> 
  custom:video-encoder-webm-vp8: eb34c28f22e8b96e1ab97ce403110664 -> 
  custom:video-decoder-webm-vp8: 9c59270c3fd7afecdb556c50c9e8de78 -> 
  custom:audio-decoder-ogg-vorbis: bf7c407c2cedff20999df2af8eb42d56 -> 
  custom:audio-encoder-webm-vorbis: bf7c407c2cedff20999df2af8eb42d56 -> 
========================================================================
Received Prepare
Registering precompiled user dll's ...
Registered in 0.006800 seconds.
Begin MonoManager ReloadAssembly
Native extension for WindowsStandalone target not found
Native extension for WebGL target not found
Refreshing native plugins compatible for Editor in 0.51 ms, found 2 plugins.
Preloading 0 native plugins for Editor in 0.00 ms.
Mono: successfully reloaded assembly
- Completed reload, in  2.109 seconds
Domain Reload Profiling:
	ReloadAssembly (2110ms)
		BeginReloadAssembly (210ms)
			ExecutionOrderSort (0ms)
			DisableScriptedObjects (17ms)
			BackupInstance (0ms)
			ReleaseScriptingObjects (0ms)
			CreateAndSetChildDomain (63ms)
		EndReloadAssembly (1761ms)
			LoadAssemblies (187ms)
			RebuildTransferFunctionScriptingTraits (0ms)
			SetupTypeCache (648ms)
			ReleaseScriptCaches (1ms)
			RebuildScriptCaches (100ms)
			SetupLoadedEditorAssemblies (569ms)
				LogAssemblyErrors (0ms)
				InitializePlatformSupportModulesInManaged (12ms)
				SetLoadedEditorAssemblies (1ms)
				RefreshPlugins (1ms)
				BeforeProcessingInitializeOnLoad (105ms)
				ProcessInitializeOnLoadAttributes (431ms)
				ProcessInitializeOnLoadMethodAttributes (7ms)
				AfterProcessingInitializeOnLoad (12ms)
				EditorAssembliesLoaded (0ms)
			ExecutionOrderSort2 (0ms)
			AwakeInstancesAfterBackupRestoration (28ms)
Platform modules already initialized, skipping
Refreshing native plugins compatible for Editor in 0.79 ms, found 2 plugins.
Preloading 0 native plugins for Editor in 0.00 ms.
Unloading 1391 Unused Serialized files (Serialized files now loaded: 0)
System memory in use before: 77.3 MB.
System memory in use after: 77.4 MB.

Unloading 13 unused Assets to reduce memory usage. Loaded Objects now: 2024.
Total: 6.804400 ms (FindLiveObjects: 0.329600 ms CreateObjectMapping: 0.249600 ms MarkObjects: 6.186800 ms  DeleteObjects: 0.036000 ms)

AssetImportParameters requested are different than current active one (requested -> active):
  custom:framework-win-MediaFoundation: 216162199b28c13a410421893ffa2e32 -> 
  custom:video-decoder-ogg-theora: a1e56fd34408186e4bbccfd4996cb3dc -> 
  custom:container-muxer-webm: aa71ff27fc2769a1b78a27578f13a17b -> 
  custom:container-demuxer-webm: 4f35f7cbe854078d1ac9338744f61a02 -> 
  custom:container-demuxer-ogg: 62fdf1f143b41e24485cea50d1cbac27 -> 
  custom:video-encoder-webm-vp8: eb34c28f22e8b96e1ab97ce403110664 -> 
  custom:video-decoder-webm-vp8: 9c59270c3fd7afecdb556c50c9e8de78 -> 
  custom:audio-decoder-ogg-vorbis: bf7c407c2cedff20999df2af8eb42d56 -> 
  custom:audio-encoder-webm-vorbis: bf7c407c2cedff20999df2af8eb42d56 -> 
========================================================================
Received Prepare
Registering precompiled user dll's ...
Registered in 0.035847 seconds.
Begin MonoManager ReloadAssembly
Native extension for WindowsStandalone target not found
Native extension for WebGL target not found
Refreshing native plugins compatible for Editor in 1.23 ms, found 2 plugins.
Preloading 0 native plugins for Editor in 0.00 ms.
Mono: successfully reloaded assembly
- Completed reload, in  3.017 seconds
Domain Reload Profiling:
	ReloadAssembly (3018ms)
		BeginReloadAssembly (457ms)
			ExecutionOrderSort (0ms)
			DisableScriptedObjects (57ms)
			BackupInstance (0ms)
			ReleaseScriptingObjects (0ms)
			CreateAndSetChildDomain (214ms)
		EndReloadAssembly (2321ms)
			LoadAssemblies (297ms)
			RebuildTransferFunctionScriptingTraits (0ms)
			SetupTypeCache (881ms)
			ReleaseScriptCaches (2ms)
			RebuildScriptCaches (115ms)
			SetupLoadedEditorAssemblies (721ms)
				LogAssemblyErrors (0ms)
				InitializePlatformSupportModulesInManaged (25ms)
				SetLoadedEditorAssemblies (1ms)
				RefreshPlugins (1ms)
				BeforeProcessingInitializeOnLoad (98ms)
				ProcessInitializeOnLoadAttributes (573ms)
				ProcessInitializeOnLoadMethodAttributes (12ms)
				AfterProcessingInitializeOnLoad (12ms)
				EditorAssembliesLoaded (0ms)
			ExecutionOrderSort2 (0ms)
			AwakeInstancesAfterBackupRestoration (37ms)
Platform modules already initialized, skipping
Refreshing native plugins compatible for Editor in 0.77 ms, found 2 plugins.
Preloading 0 native plugins for Editor in 0.00 ms.
Unloading 1391 Unused Serialized files (Serialized files now loaded: 0)
System memory in use before: 77.3 MB.
System memory in use after: 77.5 MB.

Unloading 13 unused Assets to reduce memory usage. Loaded Objects now: 2027.
Total: 3.694900 ms (FindLiveObjects: 0.298300 ms CreateObjectMapping: 0.126400 ms MarkObjects: 3.227100 ms  DeleteObjects: 0.040600 ms)

AssetImportParameters requested are different than current active one (requested -> active):
  custom:framework-win-MediaFoundation: 216162199b28c13a410421893ffa2e32 -> 
  custom:video-decoder-ogg-theora: a1e56fd34408186e4bbccfd4996cb3dc -> 
  custom:container-muxer-webm: aa71ff27fc2769a1b78a27578f13a17b -> 
  custom:container-demuxer-webm: 4f35f7cbe854078d1ac9338744f61a02 -> 
  custom:container-demuxer-ogg: 62fdf1f143b41e24485cea50d1cbac27 -> 
  custom:video-encoder-webm-vp8: eb34c28f22e8b96e1ab97ce403110664 -> 
  custom:video-decoder-webm-vp8: 9c59270c3fd7afecdb556c50c9e8de78 -> 
  custom:audio-decoder-ogg-vorbis: bf7c407c2cedff20999df2af8eb42d56 -> 
  custom:audio-encoder-webm-vorbis: bf7c407c2cedff20999df2af8eb42d56 -> 
========================================================================
Received Import Request.
  Time since last request: 32862.230286 seconds.
  path: Assets/Animations/Left Strafe Walk (1).fbx
  artifactKey: Guid(89de17634d887d148b73cb0daf3f7681) Importer(815301076,1909f56bfc062723c751e8b465ee728b)
Start importing Assets/Animations/Left Strafe Walk (1).fbx using Guid(89de17634d887d148b73cb0daf3f7681) Importer(815301076,1909f56bfc062723c751e8b465ee728b)  -> (artifact id: '877ecc83c4d90d260459e0ef69c2cdc8') in 42.454104 seconds 
========================================================================
Received Import Request.
  Time since last request: 0.002529 seconds.
  path: Assets/Animations/Old Man Run Left.fbx
  artifactKey: Guid(7e77e7659f86bd543a6e38babcaf39cd) Importer(815301076,1909f56bfc062723c751e8b465ee728b)
Start importing Assets/Animations/Old Man Run Left.fbx using Guid(7e77e7659f86bd543a6e38babcaf39cd) Importer(815301076,1909f56bfc062723c751e8b465ee728b)  -> (artifact id: 'd6995e6c59fe9b34966a6fdd70af5ff8') in 0.124461 seconds 
========================================================================
Received Import Request.
  Time since last request: 0.000536 seconds.
  path: Assets/Animations/Old Man Run Backward.fbx
  artifactKey: Guid(a4c4761629c8b9e479380ba4ca26260d) Importer(815301076,1909f56bfc062723c751e8b465ee728b)
Start importing Assets/Animations/Old Man Run Backward.fbx using Guid(a4c4761629c8b9e479380ba4ca26260d) Importer(815301076,1909f56bfc062723c751e8b465ee728b)  -> (artifact id: '3449cb909759adfc08c1e8155385d8b8') in 0.085055 seconds 
========================================================================
Received Import Request.
  Time since last request: 0.000417 seconds.
  path: Assets/Animations/Standing Jump.fbx
  artifactKey: Guid(3e5a70fb2c5a1c24ea91edfdf8e64036) Importer(815301076,1909f56bfc062723c751e8b465ee728b)
Start importing Assets/Animations/Standing Jump.fbx using Guid(3e5a70fb2c5a1c24ea91edfdf8e64036) Importer(815301076,1909f56bfc062723c751e8b465ee728b)  -> (artifact id: 'de3fd87f97fb1881bea47def988888a2') in 0.171750 seconds 
========================================================================
Received Import Request.
  Time since last request: 0.000509 seconds.
  path: Assets/Animations/Old Man Walk.fbx
  artifactKey: Guid(a28dba1cc1223d6449a7fd559dcd337b) Importer(815301076,1909f56bfc062723c751e8b465ee728b)
Start importing Assets/Animations/Old Man Walk.fbx using Guid(a28dba1cc1223d6449a7fd559dcd337b) Importer(815301076,1909f56bfc062723c751e8b465ee728b)  -> (artifact id: '1215c8fdff5ac2eebc19f748c53ba14f') in 0.188255 seconds 
========================================================================
Received Import Request.
  Time since last request: 0.001323 seconds.
  path: Assets/Animations/Old Man Run.fbx
  artifactKey: Guid(9b81f89ffa345aa4787ea084386d554e) Importer(815301076,1909f56bfc062723c751e8b465ee728b)
Start importing Assets/Animations/Old Man Run.fbx using Guid(9b81f89ffa345aa4787ea084386d554e) Importer(815301076,1909f56bfc062723c751e8b465ee728b)  -> (artifact id: 'c29ac185a8908e43e747f1f5f1218edb') in 0.227320 seconds 
========================================================================
Received Import Request.
  Time since last request: 0.000483 seconds.
  path: Assets/Animations/Old Man Walk Right.fbx
  artifactKey: Guid(1ad77a09b1f18984e8c3c5a0153a6f36) Importer(815301076,1909f56bfc062723c751e8b465ee728b)
Start importing Assets/Animations/Old Man Walk Right.fbx using Guid(1ad77a09b1f18984e8c3c5a0153a6f36) Importer(815301076,1909f56bfc062723c751e8b465ee728b)  -> (artifact id: '420c6bb405871d37dfd5970d775ffd57') in 1.200240 seconds 
========================================================================
Received Import Request.
  Time since last request: 0.003163 seconds.
  path: Assets/Animations/Old Man Walking Backwards.fbx
  artifactKey: Guid(6af0290cd95a9354392ac4bc3a5a81eb) Importer(815301076,1909f56bfc062723c751e8b465ee728b)
Start importing Assets/Animations/Old Man Walking Backwards.fbx using Guid(6af0290cd95a9354392ac4bc3a5a81eb) Importer(815301076,1909f56bfc062723c751e8b465ee728b)  -> (artifact id: '978a666e7e2736c1dbb4fe50360d36f2') in 0.702572 seconds 
========================================================================
Received Import Request.
  Time since last request: 0.001328 seconds.
  path: Assets/Animations/Run.fbx
  artifactKey: Guid(670254b1bd9166e44b166e992875988a) Importer(815301076,1909f56bfc062723c751e8b465ee728b)
Start importing Assets/Animations/Run.fbx using Guid(670254b1bd9166e44b166e992875988a) Importer(815301076,1909f56bfc062723c751e8b465ee728b)  -> (artifact id: '2149f5488a2b720a7d393f10f7dbebb5') in 0.589795 seconds 
========================================================================
Received Import Request.
  Time since last request: 0.000449 seconds.
  path: Assets/Animations/Old Man Idle.fbx
  artifactKey: Guid(d9740a5c4cde7974eb095ded98327bfa) Importer(815301076,1909f56bfc062723c751e8b465ee728b)
Start importing Assets/Animations/Old Man Idle.fbx using Guid(d9740a5c4cde7974eb095ded98327bfa) Importer(815301076,1909f56bfc062723c751e8b465ee728b)  -> (artifact id: '1a66a614a8a34de5e1a7a3c5f472cf27') in 0.211535 seconds 
========================================================================
Received Import Request.
  Time since last request: 0.001739 seconds.
  path: Assets/Animations/Old Man Run Right.fbx
  artifactKey: Guid(7f575854a84fb134a9fa56d64d5b55e0) Importer(815301076,1909f56bfc062723c751e8b465ee728b)
Start importing Assets/Animations/Old Man Run Right.fbx using Guid(7f575854a84fb134a9fa56d64d5b55e0) Importer(815301076,1909f56bfc062723c751e8b465ee728b)  -> (artifact id: '55e415bc635040e7a040698b385c5e9c') in 0.972705 seconds 
========================================================================
Received Import Request.
  Time since last request: 0.001100 seconds.
  path: Assets/Animations/Left Strafe Walk.fbx
  artifactKey: Guid(0b371d65f6f62ac4cbfd7b98832a69bf) Importer(815301076,1909f56bfc062723c751e8b465ee728b)
Start importing Assets/Animations/Left Strafe Walk.fbx using Guid(0b371d65f6f62ac4cbfd7b98832a69bf) Importer(815301076,1909f56bfc062723c751e8b465ee728b)  -> (artifact id: 'e480e56618c2d08c7460dd06d258c98e') in 2.230975 seconds 
========================================================================
Received Import Request.
  Time since last request: 0.000453 seconds.
  path: Assets/Animations/Old Man Walk Left.fbx
  artifactKey: Guid(7d570233da7347442a9d075c4c8a3779) Importer(815301076,1909f56bfc062723c751e8b465ee728b)
Start importing Assets/Animations/Old Man Walk Left.fbx using Guid(7d570233da7347442a9d075c4c8a3779) Importer(815301076,1909f56bfc062723c751e8b465ee728b)  -> (artifact id: '8a5eb6a158ecd1c79b138f8e3bd32b18') in 0.261056 seconds 
========================================================================
Received Import Request.
  Time since last request: 0.000435 seconds.
  path: Assets/Animations/Walking.fbx
  artifactKey: Guid(173e8e8200187b248979d067956db135) Importer(815301076,1909f56bfc062723c751e8b465ee728b)
Start importing Assets/Animations/Walking.fbx using Guid(173e8e8200187b248979d067956db135) Importer(815301076,1909f56bfc062723c751e8b465ee728b)  -> (artifact id: '0ca2210e8e93468ec7f2a6c7c691afd2') in 0.220602 seconds 
========================================================================
Received Import Request.
  Time since last request: 0.000434 seconds.
  path: Assets/Animations/Walking Backwards.fbx
  artifactKey: Guid(6e4b5421d9593c0478ab86d76fbb1d5c) Importer(815301076,1909f56bfc062723c751e8b465ee728b)
Start importing Assets/Animations/Walking Backwards.fbx using Guid(6e4b5421d9593c0478ab86d76fbb1d5c) Importer(815301076,1909f56bfc062723c751e8b465ee728b)  -> (artifact id: 'e516b0c0115d3e140a11d021b8b0866d') in 0.190182 seconds 
========================================================================
Received Import Request.
  Time since last request: 0.000386 seconds.
  path: Assets/Animations/Old Man Jump.fbx
  artifactKey: Guid(2c0d6119e52bcee4694d54789db42107) Importer(815301076,1909f56bfc062723c751e8b465ee728b)
Start importing Assets/Animations/Old Man Jump.fbx using Guid(2c0d6119e52bcee4694d54789db42107) Importer(815301076,1909f56bfc062723c751e8b465ee728b)  -> (artifact id: '73e4c61239f093f9087b63c11cab4637') in 0.117882 seconds 
========================================================================
Received Prepare
Registering precompiled user dll's ...
Registered in 0.028910 seconds.
Begin MonoManager ReloadAssembly
Native extension for WindowsStandalone target not found
Native extension for WebGL target not found
Refreshing native plugins compatible for Editor in 0.47 ms, found 2 plugins.
Preloading 0 native plugins for Editor in 0.00 ms.
Mono: successfully reloaded assembly
- Completed reload, in  8.441 seconds
Domain Reload Profiling:
	ReloadAssembly (8457ms)
		BeginReloadAssembly (1076ms)
			ExecutionOrderSort (1ms)
			DisableScriptedObjects (68ms)
			BackupInstance (0ms)
			ReleaseScriptingObjects (0ms)
			CreateAndSetChildDomain (608ms)
		EndReloadAssembly (7192ms)
			LoadAssemblies (466ms)
			RebuildTransferFunctionScriptingTraits (0ms)
			SetupTypeCache (3363ms)
			ReleaseScriptCaches (42ms)
			RebuildScriptCaches (86ms)
			SetupLoadedEditorAssemblies (1761ms)
				LogAssemblyErrors (0ms)
				InitializePlatformSupportModulesInManaged (78ms)
				SetLoadedEditorAssemblies (11ms)
				RefreshPlugins (1ms)
				BeforeProcessingInitializeOnLoad (179ms)
				ProcessInitializeOnLoadAttributes (1473ms)
				ProcessInitializeOnLoadMethodAttributes (7ms)
				AfterProcessingInitializeOnLoad (12ms)
				EditorAssembliesLoaded (0ms)
			ExecutionOrderSort2 (0ms)
			AwakeInstancesAfterBackupRestoration (695ms)
Platform modules already initialized, skipping
Refreshing native plugins compatible for Editor in 2.54 ms, found 2 plugins.
Preloading 0 native plugins for Editor in 0.00 ms.
Unloading 1391 Unused Serialized files (Serialized files now loaded: 0)
System memory in use before: 77.6 MB.
System memory in use after: 77.7 MB.

Unloading 13 unused Assets to reduce memory usage. Loaded Objects now: 2031.
Total: 12.741400 ms (FindLiveObjects: 0.414600 ms CreateObjectMapping: 0.317100 ms MarkObjects: 11.946500 ms  DeleteObjects: 0.059100 ms)

AssetImportParameters requested are different than current active one (requested -> active):
  custom:framework-win-MediaFoundation: 216162199b28c13a410421893ffa2e32 -> 
  custom:video-decoder-ogg-theora: a1e56fd34408186e4bbccfd4996cb3dc -> 
  custom:container-muxer-webm: aa71ff27fc2769a1b78a27578f13a17b -> 
  custom:container-demuxer-webm: 4f35f7cbe854078d1ac9338744f61a02 -> 
  custom:container-demuxer-ogg: 62fdf1f143b41e24485cea50d1cbac27 -> 
  custom:video-encoder-webm-vp8: eb34c28f22e8b96e1ab97ce403110664 -> 
  custom:video-decoder-webm-vp8: 9c59270c3fd7afecdb556c50c9e8de78 -> 
  custom:audio-decoder-ogg-vorbis: bf7c407c2cedff20999df2af8eb42d56 -> 
  custom:audio-encoder-webm-vorbis: bf7c407c2cedff20999df2af8eb42d56 -> 
========================================================================
Received Import Request.
  Time since last request: 81.424286 seconds.
  path: Assets/Animations/Standing Jump.fbx
  artifactKey: Guid(3e5a70fb2c5a1c24ea91edfdf8e64036) Importer(815301076,1909f56bfc062723c751e8b465ee728b)
Start importing Assets/Animations/Standing Jump.fbx using Guid(3e5a70fb2c5a1c24ea91edfdf8e64036) Importer(815301076,1909f56bfc062723c751e8b465ee728b)  -> (artifact id: 'cb1261273a87ae512e5ec52c26b8b8e8') in 0.275711 seconds 
========================================================================
Received Import Request.
  Time since last request: 0.000442 seconds.
  path: Assets/Animations/Left Strafe Walk (1).fbx
  artifactKey: Guid(89de17634d887d148b73cb0daf3f7681) Importer(815301076,1909f56bfc062723c751e8b465ee728b)
Start importing Assets/Animations/Left Strafe Walk (1).fbx using Guid(89de17634d887d148b73cb0daf3f7681) Importer(815301076,1909f56bfc062723c751e8b465ee728b)  -> (artifact id: '651aae46f1f09a98a73e7711571b6234') in 0.099388 seconds 
========================================================================
Received Import Request.
  Time since last request: 0.000418 seconds.
  path: Assets/Animations/Run.fbx
  artifactKey: Guid(670254b1bd9166e44b166e992875988a) Importer(815301076,1909f56bfc062723c751e8b465ee728b)
Start importing Assets/Animations/Run.fbx using Guid(670254b1bd9166e44b166e992875988a) Importer(815301076,1909f56bfc062723c751e8b465ee728b)  -> (artifact id: '17b89dfa88832d90203695952f5d39c6') in 0.080164 seconds 
========================================================================
Received Import Request.
  Time since last request: 0.000577 seconds.
  path: Assets/Animations/Left Strafe Walk.fbx
  artifactKey: Guid(0b371d65f6f62ac4cbfd7b98832a69bf) Importer(815301076,1909f56bfc062723c751e8b465ee728b)
Start importing Assets/Animations/Left Strafe Walk.fbx using Guid(0b371d65f6f62ac4cbfd7b98832a69bf) Importer(815301076,1909f56bfc062723c751e8b465ee728b)  -> (artifact id: '1af8386d5bca4b6a0e2972fb982f3a58') in 0.085042 seconds 
========================================================================
Received Import Request.
  Time since last request: 0.000429 seconds.
  path: Assets/Animations/Walking.fbx
  artifactKey: Guid(173e8e8200187b248979d067956db135) Importer(815301076,1909f56bfc062723c751e8b465ee728b)
Start importing Assets/Animations/Walking.fbx using Guid(173e8e8200187b248979d067956db135) Importer(815301076,1909f56bfc062723c751e8b465ee728b)  -> (artifact id: '01107940f6485d7c5872d285eea71d64') in 0.082113 seconds 
========================================================================
Received Import Request.
  Time since last request: 0.000358 seconds.
  path: Assets/Animations/Walking Backwards.fbx
  artifactKey: Guid(6e4b5421d9593c0478ab86d76fbb1d5c) Importer(815301076,1909f56bfc062723c751e8b465ee728b)
Start importing Assets/Animations/Walking Backwards.fbx using Guid(6e4b5421d9593c0478ab86d76fbb1d5c) Importer(815301076,1909f56bfc062723c751e8b465ee728b)  -> (artifact id: 'dd936d6a147d8f8f2bc4a2dfd0dde712') in 0.088204 seconds 
========================================================================
Received Import Request.
  Time since last request: 4.634995 seconds.
  path: Assets/Animations/Left Strafe Walk (1).fbx
  artifactKey: Guid(89de17634d887d148b73cb0daf3f7681) Importer(815301076,1909f56bfc062723c751e8b465ee728b)
Start importing Assets/Animations/Left Strafe Walk (1).fbx using Guid(89de17634d887d148b73cb0daf3f7681) Importer(815301076,1909f56bfc062723c751e8b465ee728b)  -> (artifact id: '5e81ebc546c052adce173e09f4804aa2') in 0.102041 seconds 
========================================================================
Received Import Request.
  Time since last request: 94.861464 seconds.
  path: Assets/Materials/warrok_MAT.mat
  artifactKey: Guid(a2a506c7f4824b04fa09e8252b7e603b) Importer(815301076,1909f56bfc062723c751e8b465ee728b)
Start importing Assets/Materials/warrok_MAT.mat using Guid(a2a506c7f4824b04fa09e8252b7e603b) Importer(815301076,1909f56bfc062723c751e8b465ee728b)  -> (artifact id: '068fdb991b6d4f52895227ac2f98c04a') in 0.042494 seconds 
========================================================================
Received Import Request.
  Time since last request: 8.629278 seconds.
  path: Assets/Animations/peasant_man.controller
  artifactKey: Guid(c6f4f18607f95ba4798904a1f30dc390) Importer(815301076,1909f56bfc062723c751e8b465ee728b)
Start importing Assets/Animations/peasant_man.controller using Guid(c6f4f18607f95ba4798904a1f30dc390) Importer(815301076,1909f56bfc062723c751e8b465ee728b)  -> (artifact id: '914feaec707360b4ec4d79240d83c553') in 0.097565 seconds 
========================================================================
Received Prepare
Registering precompiled user dll's ...
Registered in 0.015270 seconds.
Begin MonoManager ReloadAssembly
Native extension for WindowsStandalone target not found
Native extension for WebGL target not found
Refreshing native plugins compatible for Editor in 0.44 ms, found 2 plugins.
Preloading 0 native plugins for Editor in 0.00 ms.
Mono: successfully reloaded assembly
- Completed reload, in  2.319 seconds
Domain Reload Profiling:
	ReloadAssembly (2320ms)
		BeginReloadAssembly (361ms)
			ExecutionOrderSort (0ms)
			DisableScriptedObjects (134ms)
			BackupInstance (0ms)
			ReleaseScriptingObjects (0ms)
			CreateAndSetChildDomain (67ms)
		EndReloadAssembly (1779ms)
			LoadAssemblies (201ms)
			RebuildTransferFunctionScriptingTraits (0ms)
			SetupTypeCache (674ms)
			ReleaseScriptCaches (2ms)
			RebuildScriptCaches (108ms)
			SetupLoadedEditorAssemblies (535ms)
				LogAssemblyErrors (0ms)
				InitializePlatformSupportModulesInManaged (12ms)
				SetLoadedEditorAssemblies (1ms)
				RefreshPlugins (1ms)
				BeforeProcessingInitializeOnLoad (85ms)
				ProcessInitializeOnLoadAttributes (419ms)
				ProcessInitializeOnLoadMethodAttributes (8ms)
				AfterProcessingInitializeOnLoad (11ms)
				EditorAssembliesLoaded (1ms)
			ExecutionOrderSort2 (0ms)
			AwakeInstancesAfterBackupRestoration (32ms)
Platform modules already initialized, skipping
Refreshing native plugins compatible for Editor in 0.78 ms, found 2 plugins.
Preloading 0 native plugins for Editor in 0.00 ms.
Unloading 1391 Unused Serialized files (Serialized files now loaded: 0)
System memory in use before: 77.6 MB.
System memory in use after: 77.8 MB.

Unloading 13 unused Assets to reduce memory usage. Loaded Objects now: 2035.
Total: 3.977000 ms (FindLiveObjects: 0.226000 ms CreateObjectMapping: 0.111900 ms MarkObjects: 3.606400 ms  DeleteObjects: 0.030700 ms)

AssetImportParameters requested are different than current active one (requested -> active):
  custom:framework-win-MediaFoundation: 216162199b28c13a410421893ffa2e32 -> 
  custom:video-decoder-ogg-theora: a1e56fd34408186e4bbccfd4996cb3dc -> 
  custom:container-muxer-webm: aa71ff27fc2769a1b78a27578f13a17b -> 
  custom:container-demuxer-webm: 4f35f7cbe854078d1ac9338744f61a02 -> 
  custom:container-demuxer-ogg: 62fdf1f143b41e24485cea50d1cbac27 -> 
  custom:video-encoder-webm-vp8: eb34c28f22e8b96e1ab97ce403110664 -> 
  custom:video-decoder-webm-vp8: 9c59270c3fd7afecdb556c50c9e8de78 -> 
  custom:audio-decoder-ogg-vorbis: bf7c407c2cedff20999df2af8eb42d56 -> 
  custom:audio-encoder-webm-vorbis: bf7c407c2cedff20999df2af8eb42d56 -> 
========================================================================
Received Import Request.
  Time since last request: 91.377081 seconds.
  path: Assets/Anim
  artifactKey: Guid(61e6fdbe671d2d14098101eb71b3620d) Importer(815301076,1909f56bfc062723c751e8b465ee728b)
Start importing Assets/Anim using Guid(61e6fdbe671d2d14098101eb71b3620d) Importer(815301076,1909f56bfc062723c751e8b465ee728b)  -> (artifact id: 'a9cdaac62e861b03b514ff93601c3106') in 0.022960 seconds 
========================================================================
Received Import Request.
  Time since last request: 86.650629 seconds.
  path: Assets/Anim/walk_right.fbx
  artifactKey: Guid(89de17634d887d148b73cb0daf3f7681) Importer(815301076,1909f56bfc062723c751e8b465ee728b)
Start importing Assets/Anim/walk_right.fbx using Guid(89de17634d887d148b73cb0daf3f7681) Importer(815301076,1909f56bfc062723c751e8b465ee728b)  -> (artifact id: 'f2ce90622dcd2ef28675976d4218012d') in 0.196235 seconds 
========================================================================
Received Import Request.
  Time since last request: 20.775536 seconds.
  path: Assets/Anim/walk_right.fbx
  artifactKey: Guid(89de17634d887d148b73cb0daf3f7681) Importer(815301076,1909f56bfc062723c751e8b465ee728b)
Start importing Assets/Anim/walk_right.fbx using Guid(89de17634d887d148b73cb0daf3f7681) Importer(815301076,1909f56bfc062723c751e8b465ee728b)  -> (artifact id: '1b4188fd9407431d47ef583d06e63675') in 0.116118 seconds 
========================================================================
Received Import Request.
  Time since last request: 11.931838 seconds.
  path: Assets/Anim/walk_backwards.fbx
  artifactKey: Guid(6e4b5421d9593c0478ab86d76fbb1d5c) Importer(815301076,1909f56bfc062723c751e8b465ee728b)
Start importing Assets/Anim/walk_backwards.fbx using Guid(6e4b5421d9593c0478ab86d76fbb1d5c) Importer(815301076,1909f56bfc062723c751e8b465ee728b)  -> (artifact id: '2a25ab6d6af9d26ff4dc309443ce158a') in 0.180532 seconds 
========================================================================
Received Import Request.
  Time since last request: 20.794599 seconds.
  path: Assets/Anim/walk_backwards.fbx
  artifactKey: Guid(6e4b5421d9593c0478ab86d76fbb1d5c) Importer(815301076,1909f56bfc062723c751e8b465ee728b)
Start importing Assets/Anim/walk_backwards.fbx using Guid(6e4b5421d9593c0478ab86d76fbb1d5c) Importer(815301076,1909f56bfc062723c751e8b465ee728b)  -> (artifact id: '39f8e2c7ccc34ee4c202285a93729c97') in 0.120382 seconds 
========================================================================
Received Import Request.
  Time since last request: 12.151772 seconds.
  path: Assets/Anim/walk.fbx
  artifactKey: Guid(173e8e8200187b248979d067956db135) Importer(815301076,1909f56bfc062723c751e8b465ee728b)
Start importing Assets/Anim/walk.fbx using Guid(173e8e8200187b248979d067956db135) Importer(815301076,1909f56bfc062723c751e8b465ee728b)  -> (artifact id: '44a689e36d7ab162dad7e5e8b4847114') in 0.136330 seconds 
========================================================================
Received Import Request.
  Time since last request: 16.617159 seconds.
  path: Assets/Anim/jump.fbx
  artifactKey: Guid(3e5a70fb2c5a1c24ea91edfdf8e64036) Importer(815301076,1909f56bfc062723c751e8b465ee728b)
Start importing Assets/Anim/jump.fbx using Guid(3e5a70fb2c5a1c24ea91edfdf8e64036) Importer(815301076,1909f56bfc062723c751e8b465ee728b)  -> (artifact id: '85136f3279dafe1e79bf34c4124ae283') in 0.105974 seconds 
========================================================================
Received Import Request.
  Time since last request: 13.130195 seconds.
  path: Assets/Anim/jump.fbx
  artifactKey: Guid(3e5a70fb2c5a1c24ea91edfdf8e64036) Importer(815301076,1909f56bfc062723c751e8b465ee728b)
Start importing Assets/Anim/jump.fbx using Guid(3e5a70fb2c5a1c24ea91edfdf8e64036) Importer(815301076,1909f56bfc062723c751e8b465ee728b)  -> (artifact id: 'aedad578e50f5e122a0da768dc5954d0') in 0.118736 seconds 
========================================================================
Received Import Request.
  Time since last request: 14.787047 seconds.
  path: Assets/Anim/walk_left.fbx
  artifactKey: Guid(0b371d65f6f62ac4cbfd7b98832a69bf) Importer(815301076,1909f56bfc062723c751e8b465ee728b)
Start importing Assets/Anim/walk_left.fbx using Guid(0b371d65f6f62ac4cbfd7b98832a69bf) Importer(815301076,1909f56bfc062723c751e8b465ee728b)  -> (artifact id: 'fe1d76bc18f15a0ef6f9b7fb90af9134') in 0.095791 seconds 
========================================================================
Received Import Request.
  Time since last request: 19.538574 seconds.
  path: Assets/Anim/run_forward.fbx
  artifactKey: Guid(670254b1bd9166e44b166e992875988a) Importer(815301076,1909f56bfc062723c751e8b465ee728b)
Start importing Assets/Anim/run_forward.fbx using Guid(670254b1bd9166e44b166e992875988a) Importer(815301076,1909f56bfc062723c751e8b465ee728b)  -> (artifact id: 'a14577ff2c68f2c4a22009dd2df987cc') in 0.183248 seconds 
========================================================================
Received Import Request.
  Time since last request: 22.859366 seconds.
  path: Assets/Anim/run_forward.fbx
  artifactKey: Guid(670254b1bd9166e44b166e992875988a) Importer(815301076,1909f56bfc062723c751e8b465ee728b)
Start importing Assets/Anim/run_forward.fbx using Guid(670254b1bd9166e44b166e992875988a) Importer(815301076,1909f56bfc062723c751e8b465ee728b)  -> (artifact id: 'dcc2b56ddeb441b36e0c9d79ec5488bc') in 0.130479 seconds 
========================================================================
Received Import Request.
  Time since last request: 30.956342 seconds.
  path: Assets/Anim/run.fbx
  artifactKey: Guid(670254b1bd9166e44b166e992875988a) Importer(815301076,1909f56bfc062723c751e8b465ee728b)
Start importing Assets/Anim/run.fbx using Guid(670254b1bd9166e44b166e992875988a) Importer(815301076,1909f56bfc062723c751e8b465ee728b)  -> (artifact id: '6e43a4a8f2e29fec8d2a9e7e5ed364be') in 0.105795 seconds 
========================================================================
Received Import Request.
  Time since last request: 15.047341 seconds.
  path: Assets/Anim/run.fbx
  artifactKey: Guid(670254b1bd9166e44b166e992875988a) Importer(815301076,1909f56bfc062723c751e8b465ee728b)
Start importing Assets/Anim/run.fbx using Guid(670254b1bd9166e44b166e992875988a) Importer(815301076,1909f56bfc062723c751e8b465ee728b)  -> (artifact id: '2223da5ecee8c9fbf89b2a73cc2d380d') in 0.084031 seconds 
========================================================================
Received Prepare
Registering precompiled user dll's ...
Registered in 0.095767 seconds.
Begin MonoManager ReloadAssembly
Native extension for WindowsStandalone target not found
Native extension for WebGL target not found
Refreshing native plugins compatible for Editor in 0.79 ms, found 2 plugins.
Preloading 0 native plugins for Editor in 0.00 ms.
Mono: successfully reloaded assembly
- Completed reload, in  2.575 seconds
Domain Reload Profiling:
	ReloadAssembly (2576ms)
		BeginReloadAssembly (337ms)
			ExecutionOrderSort (0ms)
			DisableScriptedObjects (13ms)
			BackupInstance (0ms)
			ReleaseScriptingObjects (0ms)
			CreateAndSetChildDomain (73ms)
		EndReloadAssembly (2074ms)
			LoadAssemblies (317ms)
			RebuildTransferFunctionScriptingTraits (0ms)
			SetupTypeCache (780ms)
			ReleaseScriptCaches (2ms)
			RebuildScriptCaches (127ms)
			SetupLoadedEditorAssemblies (570ms)
				LogAssemblyErrors (0ms)
				InitializePlatformSupportModulesInManaged (15ms)
				SetLoadedEditorAssemblies (3ms)
				RefreshPlugins (1ms)
				BeforeProcessingInitializeOnLoad (113ms)
				ProcessInitializeOnLoadAttributes (419ms)
				ProcessInitializeOnLoadMethodAttributes (6ms)
				AfterProcessingInitializeOnLoad (12ms)
				EditorAssembliesLoaded (1ms)
			ExecutionOrderSort2 (0ms)
			AwakeInstancesAfterBackupRestoration (34ms)
Platform modules already initialized, skipping
Refreshing native plugins compatible for Editor in 0.76 ms, found 2 plugins.
Preloading 0 native plugins for Editor in 0.00 ms.
Unloading 1391 Unused Serialized files (Serialized files now loaded: 0)
System memory in use before: 77.8 MB.
System memory in use after: 77.9 MB.

Unloading 13 unused Assets to reduce memory usage. Loaded Objects now: 2039.
Total: 4.703200 ms (FindLiveObjects: 0.226100 ms CreateObjectMapping: 0.111300 ms MarkObjects: 4.336300 ms  DeleteObjects: 0.027400 ms)

AssetImportParameters requested are different than current active one (requested -> active):
  custom:framework-win-MediaFoundation: 216162199b28c13a410421893ffa2e32 -> 
  custom:video-decoder-ogg-theora: a1e56fd34408186e4bbccfd4996cb3dc -> 
  custom:container-muxer-webm: aa71ff27fc2769a1b78a27578f13a17b -> 
  custom:container-demuxer-webm: 4f35f7cbe854078d1ac9338744f61a02 -> 
  custom:container-demuxer-ogg: 62fdf1f143b41e24485cea50d1cbac27 -> 
  custom:video-encoder-webm-vp8: eb34c28f22e8b96e1ab97ce403110664 -> 
  custom:video-decoder-webm-vp8: 9c59270c3fd7afecdb556c50c9e8de78 -> 
  custom:audio-decoder-ogg-vorbis: bf7c407c2cedff20999df2af8eb42d56 -> 
  custom:audio-encoder-webm-vorbis: bf7c407c2cedff20999df2af8eb42d56 -> 
========================================================================
Received Import Request.
  Time since last request: 92.891255 seconds.
  path: Assets/Anim/run.fbx
  artifactKey: Guid(670254b1bd9166e44b166e992875988a) Importer(815301076,1909f56bfc062723c751e8b465ee728b)
Start importing Assets/Anim/run.fbx using Guid(670254b1bd9166e44b166e992875988a) Importer(815301076,1909f56bfc062723c751e8b465ee728b)  -> (artifact id: '771ad9d0ee1591908c7c2c53e81f1c35') in 0.211715 seconds 
========================================================================
Received Import Request.
  Time since last request: 0.000352 seconds.
  path: Assets/Anim/walk.fbx
  artifactKey: Guid(173e8e8200187b248979d067956db135) Importer(815301076,1909f56bfc062723c751e8b465ee728b)
Start importing Assets/Anim/walk.fbx using Guid(173e8e8200187b248979d067956db135) Importer(815301076,1909f56bfc062723c751e8b465ee728b)  -> (artifact id: '87decc8129c9264424967d179349472c') in 0.075820 seconds 
========================================================================
Received Import Request.
  Time since last request: 2.633077 seconds.
  path: Assets/Anim/walk_backwards.fbx
  artifactKey: Guid(6e4b5421d9593c0478ab86d76fbb1d5c) Importer(815301076,1909f56bfc062723c751e8b465ee728b)
Start importing Assets/Anim/walk_backwards.fbx using Guid(6e4b5421d9593c0478ab86d76fbb1d5c) Importer(815301076,1909f56bfc062723c751e8b465ee728b)  -> (artifact id: '868ef8b8918dbbecaab972f029897566') in 0.152982 seconds 
========================================================================
Received Import Request.
  Time since last request: 3.282541 seconds.
  path: Assets/Anim/walk_left.fbx
  artifactKey: Guid(0b371d65f6f62ac4cbfd7b98832a69bf) Importer(815301076,1909f56bfc062723c751e8b465ee728b)
Start importing Assets/Anim/walk_left.fbx using Guid(0b371d65f6f62ac4cbfd7b98832a69bf) Importer(815301076,1909f56bfc062723c751e8b465ee728b)  -> (artifact id: 'aa8fd227c0c7ab4dfe9156718ca2e4af') in 0.118583 seconds 
========================================================================
Received Prepare
Registering precompiled user dll's ...
Registered in 0.027180 seconds.
Begin MonoManager ReloadAssembly
Native extension for WindowsStandalone target not found
Native extension for WebGL target not found
Refreshing native plugins compatible for Editor in 0.92 ms, found 2 plugins.
Preloading 0 native plugins for Editor in 0.00 ms.
Mono: successfully reloaded assembly
- Completed reload, in  4.851 seconds
Domain Reload Profiling:
	ReloadAssembly (4852ms)
		BeginReloadAssembly (498ms)
			ExecutionOrderSort (0ms)
			DisableScriptedObjects (68ms)
			BackupInstance (0ms)
			ReleaseScriptingObjects (0ms)
			CreateAndSetChildDomain (139ms)
		EndReloadAssembly (4086ms)
			LoadAssemblies (407ms)
			RebuildTransferFunctionScriptingTraits (0ms)
			SetupTypeCache (1676ms)
			ReleaseScriptCaches (3ms)
			RebuildScriptCaches (173ms)
			SetupLoadedEditorAssemblies (1305ms)
				LogAssemblyErrors (0ms)
				InitializePlatformSupportModulesInManaged (29ms)
				SetLoadedEditorAssemblies (3ms)
				RefreshPlugins (1ms)
				BeforeProcessingInitializeOnLoad (204ms)
				ProcessInitializeOnLoadAttributes (1025ms)
				ProcessInitializeOnLoadMethodAttributes (18ms)
				AfterProcessingInitializeOnLoad (23ms)
				EditorAssembliesLoaded (1ms)
			ExecutionOrderSort2 (0ms)
			AwakeInstancesAfterBackupRestoration (81ms)
Platform modules already initialized, skipping
Refreshing native plugins compatible for Editor in 1.00 ms, found 2 plugins.
Preloading 0 native plugins for Editor in 0.00 ms.
Unloading 1391 Unused Serialized files (Serialized files now loaded: 0)
System memory in use before: 77.8 MB.
System memory in use after: 78.0 MB.

Unloading 13 unused Assets to reduce memory usage. Loaded Objects now: 2043.
Total: 7.080400 ms (FindLiveObjects: 0.957000 ms CreateObjectMapping: 0.548700 ms MarkObjects: 5.532100 ms  DeleteObjects: 0.039300 ms)

AssetImportParameters requested are different than current active one (requested -> active):
  custom:framework-win-MediaFoundation: 216162199b28c13a410421893ffa2e32 -> 
  custom:video-decoder-ogg-theora: a1e56fd34408186e4bbccfd4996cb3dc -> 
  custom:container-muxer-webm: aa71ff27fc2769a1b78a27578f13a17b -> 
  custom:container-demuxer-webm: 4f35f7cbe854078d1ac9338744f61a02 -> 
  custom:container-demuxer-ogg: 62fdf1f143b41e24485cea50d1cbac27 -> 
  custom:video-encoder-webm-vp8: eb34c28f22e8b96e1ab97ce403110664 -> 
  custom:video-decoder-webm-vp8: 9c59270c3fd7afecdb556c50c9e8de78 -> 
  custom:audio-decoder-ogg-vorbis: bf7c407c2cedff20999df2af8eb42d56 -> 
  custom:audio-encoder-webm-vorbis: bf7c407c2cedff20999df2af8eb42d56 -> 
========================================================================
Received Prepare
Registering precompiled user dll's ...
Registered in 0.006912 seconds.
Begin MonoManager ReloadAssembly
Native extension for WindowsStandalone target not found
Native extension for WebGL target not found
Refreshing native plugins compatible for Editor in 0.82 ms, found 2 plugins.
Preloading 0 native plugins for Editor in 0.00 ms.
Mono: successfully reloaded assembly
- Completed reload, in  2.627 seconds
Domain Reload Profiling:
	ReloadAssembly (2628ms)
		BeginReloadAssembly (247ms)
			ExecutionOrderSort (0ms)
			DisableScriptedObjects (13ms)
			BackupInstance (0ms)
			ReleaseScriptingObjects (0ms)
			CreateAndSetChildDomain (68ms)
		EndReloadAssembly (2207ms)
			LoadAssemblies (234ms)
			RebuildTransferFunctionScriptingTraits (0ms)
			SetupTypeCache (810ms)
			ReleaseScriptCaches (2ms)
			RebuildScriptCaches (114ms)
			SetupLoadedEditorAssemblies (741ms)
				LogAssemblyErrors (0ms)
				InitializePlatformSupportModulesInManaged (17ms)
				SetLoadedEditorAssemblies (1ms)
				RefreshPlugins (1ms)
				BeforeProcessingInitializeOnLoad (122ms)
				ProcessInitializeOnLoadAttributes (574ms)
				ProcessInitializeOnLoadMethodAttributes (9ms)
				AfterProcessingInitializeOnLoad (15ms)
				EditorAssembliesLoaded (1ms)
			ExecutionOrderSort2 (0ms)
			AwakeInstancesAfterBackupRestoration (37ms)
Platform modules already initialized, skipping
Refreshing native plugins compatible for Editor in 1.33 ms, found 2 plugins.
Preloading 0 native plugins for Editor in 0.00 ms.
Unloading 1391 Unused Serialized files (Serialized files now loaded: 0)
System memory in use before: 77.8 MB.
System memory in use after: 78.0 MB.

Unloading 13 unused Assets to reduce memory usage. Loaded Objects now: 2046.
Total: 4.151700 ms (FindLiveObjects: 0.319800 ms CreateObjectMapping: 0.115900 ms MarkObjects: 3.680900 ms  DeleteObjects: 0.032500 ms)

AssetImportParameters requested are different than current active one (requested -> active):
  custom:framework-win-MediaFoundation: 216162199b28c13a410421893ffa2e32 -> 
  custom:video-decoder-ogg-theora: a1e56fd34408186e4bbccfd4996cb3dc -> 
  custom:container-muxer-webm: aa71ff27fc2769a1b78a27578f13a17b -> 
  custom:container-demuxer-webm: 4f35f7cbe854078d1ac9338744f61a02 -> 
  custom:container-demuxer-ogg: 62fdf1f143b41e24485cea50d1cbac27 -> 
  custom:video-encoder-webm-vp8: eb34c28f22e8b96e1ab97ce403110664 -> 
  custom:video-decoder-webm-vp8: 9c59270c3fd7afecdb556c50c9e8de78 -> 
  custom:audio-decoder-ogg-vorbis: bf7c407c2cedff20999df2af8eb42d56 -> 
  custom:audio-encoder-webm-vorbis: bf7c407c2cedff20999df2af8eb42d56 -> 
========================================================================
Received Prepare
Registering precompiled user dll's ...
Registered in 0.021748 seconds.
Begin MonoManager ReloadAssembly
Native extension for WindowsStandalone target not found
Native extension for WebGL target not found
Refreshing native plugins compatible for Editor in 1.39 ms, found 2 plugins.
Preloading 0 native plugins for Editor in 0.00 ms.
Mono: successfully reloaded assembly
- Completed reload, in  2.282 seconds
Domain Reload Profiling:
	ReloadAssembly (2283ms)
		BeginReloadAssembly (242ms)
			ExecutionOrderSort (0ms)
			DisableScriptedObjects (16ms)
			BackupInstance (0ms)
			ReleaseScriptingObjects (0ms)
			CreateAndSetChildDomain (69ms)
		EndReloadAssembly (1875ms)
			LoadAssemblies (237ms)
			RebuildTransferFunctionScriptingTraits (0ms)
			SetupTypeCache (747ms)
			ReleaseScriptCaches (2ms)
			RebuildScriptCaches (93ms)
			SetupLoadedEditorAssemblies (566ms)
				LogAssemblyErrors (0ms)
				InitializePlatformSupportModulesInManaged (16ms)
				SetLoadedEditorAssemblies (2ms)
				RefreshPlugins (2ms)
				BeforeProcessingInitializeOnLoad (108ms)
				ProcessInitializeOnLoadAttributes (421ms)
				ProcessInitializeOnLoadMethodAttributes (6ms)
				AfterProcessingInitializeOnLoad (10ms)
				EditorAssembliesLoaded (0ms)
			ExecutionOrderSort2 (0ms)
			AwakeInstancesAfterBackupRestoration (25ms)
Platform modules already initialized, skipping
Refreshing native plugins compatible for Editor in 0.67 ms, found 2 plugins.
Preloading 0 native plugins for Editor in 0.00 ms.
Unloading 1391 Unused Serialized files (Serialized files now loaded: 0)
System memory in use before: 77.8 MB.
System memory in use after: 78.0 MB.

Unloading 13 unused Assets to reduce memory usage. Loaded Objects now: 2049.
Total: 3.702800 ms (FindLiveObjects: 0.223800 ms CreateObjectMapping: 0.111000 ms MarkObjects: 3.328400 ms  DeleteObjects: 0.037200 ms)

AssetImportParameters requested are different than current active one (requested -> active):
  custom:framework-win-MediaFoundation: 216162199b28c13a410421893ffa2e32 -> 
  custom:video-decoder-ogg-theora: a1e56fd34408186e4bbccfd4996cb3dc -> 
  custom:container-muxer-webm: aa71ff27fc2769a1b78a27578f13a17b -> 
  custom:container-demuxer-webm: 4f35f7cbe854078d1ac9338744f61a02 -> 
  custom:container-demuxer-ogg: 62fdf1f143b41e24485cea50d1cbac27 -> 
  custom:video-encoder-webm-vp8: eb34c28f22e8b96e1ab97ce403110664 -> 
  custom:video-decoder-webm-vp8: 9c59270c3fd7afecdb556c50c9e8de78 -> 
  custom:audio-decoder-ogg-vorbis: bf7c407c2cedff20999df2af8eb42d56 -> 
  custom:audio-encoder-webm-vorbis: bf7c407c2cedff20999df2af8eb42d56 -> 
========================================================================
Received Import Request.
  Time since last request: 816.814652 seconds.
  path: Assets/Anim/Left Strafe Walking (1).fbx
  artifactKey: Guid(b5fd644f9f000624c9859b1628f86824) Importer(815301076,1909f56bfc062723c751e8b465ee728b)
Start importing Assets/Anim/Left Strafe Walking (1).fbx using Guid(b5fd644f9f000624c9859b1628f86824) Importer(815301076,1909f56bfc062723c751e8b465ee728b)  -> (artifact id: '7d4edf125e99d6dbc4cd00383d881eba') in 0.427040 seconds 
========================================================================
Received Import Request.
  Time since last request: 0.000390 seconds.
  path: Assets/Anim/Right Strafe Walking.fbx
  artifactKey: Guid(79309918f4ee50942b51bd9257686ba3) Importer(815301076,1909f56bfc062723c751e8b465ee728b)
Start importing Assets/Anim/Right Strafe Walking.fbx using Guid(79309918f4ee50942b51bd9257686ba3) Importer(815301076,1909f56bfc062723c751e8b465ee728b)  -> (artifact id: '16b791f5c3f775bd58471f68943eac72') in 0.124726 seconds 
========================================================================
Received Import Request.
  Time since last request: 0.000402 seconds.
  path: Assets/Anim/walk_backward.fbx
  artifactKey: Guid(59e67171785e1c74c9099bdaf1996734) Importer(815301076,1909f56bfc062723c751e8b465ee728b)
Start importing Assets/Anim/walk_backward.fbx using Guid(59e67171785e1c74c9099bdaf1996734) Importer(815301076,1909f56bfc062723c751e8b465ee728b)  -> (artifact id: '763a327065b560c0af6a21744952cfd3') in 0.100736 seconds 
========================================================================
Received Import Request.
  Time since last request: 0.000397 seconds.
  path: Assets/Anim/run.fbx
  artifactKey: Guid(670254b1bd9166e44b166e992875988a) Importer(815301076,1909f56bfc062723c751e8b465ee728b)
Start importing Assets/Anim/run.fbx using Guid(670254b1bd9166e44b166e992875988a) Importer(815301076,1909f56bfc062723c751e8b465ee728b)  -> (artifact id: '8d56d176d489b80f36164b28bac628d6') in 0.121081 seconds 
========================================================================
Received Import Request.
  Time since last request: 0.000541 seconds.
  path: Assets/Anim/walk.fbx
  artifactKey: Guid(173e8e8200187b248979d067956db135) Importer(815301076,1909f56bfc062723c751e8b465ee728b)
Start importing Assets/Anim/walk.fbx using Guid(173e8e8200187b248979d067956db135) Importer(815301076,1909f56bfc062723c751e8b465ee728b)  -> (artifact id: '126801dc183518e5614f9dcc8ca26897') in 0.107949 seconds 
========================================================================
Received Import Request.
  Time since last request: 0.000380 seconds.
  path: Assets/Anim/run_backward.fbx
  artifactKey: Guid(f8d71d4b88102c740b51c099b0707841) Importer(815301076,1909f56bfc062723c751e8b465ee728b)
Start importing Assets/Anim/run_backward.fbx using Guid(f8d71d4b88102c740b51c099b0707841) Importer(815301076,1909f56bfc062723c751e8b465ee728b)  -> (artifact id: '3ce3739bfffe37c17e57382a905f359d') in 0.112302 seconds 
========================================================================
Received Prepare
Registering precompiled user dll's ...
Registered in 0.021086 seconds.
Begin MonoManager ReloadAssembly
Native extension for WindowsStandalone target not found
Native extension for WebGL target not found
Refreshing native plugins compatible for Editor in 0.38 ms, found 2 plugins.
Preloading 0 native plugins for Editor in 0.00 ms.
Mono: successfully reloaded assembly
- Completed reload, in  2.274 seconds
Domain Reload Profiling:
	ReloadAssembly (2274ms)
		BeginReloadAssembly (452ms)
			ExecutionOrderSort (0ms)
			DisableScriptedObjects (10ms)
			BackupInstance (0ms)
			ReleaseScriptingObjects (0ms)
			CreateAndSetChildDomain (67ms)
		EndReloadAssembly (1654ms)
			LoadAssemblies (395ms)
			RebuildTransferFunctionScriptingTraits (0ms)
			SetupTypeCache (667ms)
			ReleaseScriptCaches (2ms)
			RebuildScriptCaches (82ms)
			SetupLoadedEditorAssemblies (559ms)
				LogAssemblyErrors (0ms)
				InitializePlatformSupportModulesInManaged (11ms)
				SetLoadedEditorAssemblies (1ms)
				RefreshPlugins (1ms)
				BeforeProcessingInitializeOnLoad (86ms)
				ProcessInitializeOnLoadAttributes (443ms)
				ProcessInitializeOnLoadMethodAttributes (6ms)
				AfterProcessingInitializeOnLoad (11ms)
				EditorAssembliesLoaded (0ms)
			ExecutionOrderSort2 (0ms)
			AwakeInstancesAfterBackupRestoration (25ms)
Platform modules already initialized, skipping
Refreshing native plugins compatible for Editor in 0.68 ms, found 2 plugins.
Preloading 0 native plugins for Editor in 0.00 ms.
Unloading 1391 Unused Serialized files (Serialized files now loaded: 0)
System memory in use before: 78.4 MB.
System memory in use after: 78.6 MB.

Unloading 13 unused Assets to reduce memory usage. Loaded Objects now: 2053.
Total: 3.359400 ms (FindLiveObjects: 0.245400 ms CreateObjectMapping: 0.116800 ms MarkObjects: 2.963000 ms  DeleteObjects: 0.031600 ms)

AssetImportParameters requested are different than current active one (requested -> active):
  custom:framework-win-MediaFoundation: 216162199b28c13a410421893ffa2e32 -> 
  custom:video-decoder-ogg-theora: a1e56fd34408186e4bbccfd4996cb3dc -> 
  custom:container-muxer-webm: aa71ff27fc2769a1b78a27578f13a17b -> 
  custom:container-demuxer-webm: 4f35f7cbe854078d1ac9338744f61a02 -> 
  custom:container-demuxer-ogg: 62fdf1f143b41e24485cea50d1cbac27 -> 
  custom:video-encoder-webm-vp8: eb34c28f22e8b96e1ab97ce403110664 -> 
  custom:video-decoder-webm-vp8: 9c59270c3fd7afecdb556c50c9e8de78 -> 
  custom:audio-decoder-ogg-vorbis: bf7c407c2cedff20999df2af8eb42d56 -> 
  custom:audio-encoder-webm-vorbis: bf7c407c2cedff20999df2af8eb42d56 -> 
========================================================================
Received Import Request.
  Time since last request: 119.657475 seconds.
  path: Assets/Anim/walk_right.fbx
  artifactKey: Guid(79309918f4ee50942b51bd9257686ba3) Importer(815301076,1909f56bfc062723c751e8b465ee728b)
Start importing Assets/Anim/walk_right.fbx using Guid(79309918f4ee50942b51bd9257686ba3) Importer(815301076,1909f56bfc062723c751e8b465ee728b)  -> (artifact id: 'f29ec328b8b40a3713466240acc72290') in 0.416629 seconds 
========================================================================
Received Import Request.
  Time since last request: 9.488111 seconds.
  path: Assets/Anim/walk_left.fbx
  artifactKey: Guid(b5fd644f9f000624c9859b1628f86824) Importer(815301076,1909f56bfc062723c751e8b465ee728b)
Start importing Assets/Anim/walk_left.fbx using Guid(b5fd644f9f000624c9859b1628f86824) Importer(815301076,1909f56bfc062723c751e8b465ee728b)  -> (artifact id: 'e8a9a7b1cee9ff91eb1860ef4146efe5') in 0.169923 seconds 
========================================================================
Received Import Request.
  Time since last request: 57.317141 seconds.
  path: Assets/Anim/run.fbx
  artifactKey: Guid(670254b1bd9166e44b166e992875988a) Importer(815301076,1909f56bfc062723c751e8b465ee728b)
Start importing Assets/Anim/run.fbx using Guid(670254b1bd9166e44b166e992875988a) Importer(815301076,1909f56bfc062723c751e8b465ee728b)  -> (artifact id: 'd28659c1744e6913236ea0c61408d2a1') in 0.287335 seconds 
========================================================================
Received Import Request.
  Time since last request: 46.570821 seconds.
  path: Assets/Anim/run_backward.fbx
  artifactKey: Guid(f8d71d4b88102c740b51c099b0707841) Importer(815301076,1909f56bfc062723c751e8b465ee728b)
Start importing Assets/Anim/run_backward.fbx using Guid(f8d71d4b88102c740b51c099b0707841) Importer(815301076,1909f56bfc062723c751e8b465ee728b)  -> (artifact id: '6460eb57d44b9150e15aea2a2b93eeff') in 0.211150 seconds 
AssetImportWorkerClient::OnTransportError - code=2 error=End of file
